[ 42%] Built target talker
[ 42%] [32mBuilding CXX object CMakeFiles/sub_test.dir/src/sub_test.cpp.o[0m
[01m[K/home/petern25/catkin_ws/src/ROS_Integration/src/sub_test.cpp:1:10:[m[K [01;31m[Kfatal error: [m[Kros.h: No such file or directory
 #include [01;31m[K<ros.h>[m[K
          [01;31m[K^~~~~~~[m[K
compilation terminated.
CMakeFiles/sub_test.dir/build.make:62: recipe for target 'CMakeFiles/sub_test.dir/src/sub_test.cpp.o' failed
make[2]: *** [CMakeFiles/sub_test.dir/src/sub_test.cpp.o] Error 1
CMakeFiles/Makefile2:67: recipe for target 'CMakeFiles/sub_test.dir/all' failed
make[1]: *** [CMakeFiles/sub_test.dir/all] Error 2
make[1]: *** Waiting for unfinished jobs....
[ 71%] Built target listener
[ 71%] Built target std_msgs_generate_messages_py
[ 71%] Built target geometry_msgs_generate_messages_py
[ 71%] Built target geometry_msgs_generate_messages_eus
[ 71%] Built target std_msgs_generate_messages_nodejs
[ 71%] Built target std_msgs_generate_messages_lisp
[ 71%] Built target geometry_msgs_generate_messages_cpp
[ 71%] Built target std_msgs_generate_messages_cpp
[ 71%] Built target geometry_msgs_generate_messages_lisp
[ 71%] Built target std_msgs_generate_messages_eus
[ 71%] Built target geometry_msgs_generate_messages_nodejs
Makefile:140: recipe for target 'all' failed
make: *** [all] Error 2
