[35m[1mScanning dependencies of target sub_test[0m
[ 14%] [32mBuilding CXX object CMakeFiles/sub_test.dir/src/sub_test.cpp.o[0m
[ 42%] Built target listener
[ 71%] Built target talker
[ 71%] Built target std_msgs_generate_messages_eus
[ 71%] Built target geometry_msgs_generate_messages_eus
[ 71%] Built target std_msgs_generate_messages_py
[ 71%] Built target geometry_msgs_generate_messages_py
[ 71%] Built target std_msgs_generate_messages_nodejs
[ 71%] Built target geometry_msgs_generate_messages_nodejs
[ 71%] Built target geometry_msgs_generate_messages_lisp
[ 71%] Built target std_msgs_generate_messages_lisp
[ 71%] Built target geometry_msgs_generate_messages_cpp
[ 71%] Built target std_msgs_generate_messages_cpp
[ 85%] Built target ROS_Integration_generate_messages_eus
[ 85%] Built target ROS_Integration_generate_messages_py
[ 85%] Built target ROS_Integration_generate_messages_nodejs
[ 85%] Built target ROS_Integration_generate_messages_lisp
[ 85%] Built target ROS_Integration_generate_messages_cpp
[ 85%] Built target ROS_Integration_generate_messages
[100%] [32m[1mLinking CXX executable /home/petern25/catkin_ws/devel/.private/ROS_Integration/lib/ROS_Integration/sub_test[0m
CMakeFiles/sub_test.dir/src/sub_test.cpp.o: In function `main':
sub_test.cpp:(.text+0xf1): undefined reference to `ros::init(int&, char**, std::__cxx11::basic_string<char, std::char_traits<char>, std::allocator<char> > const&, unsigned int)'
sub_test.cpp:(.text+0x183): undefined reference to `ros::NodeHandle::NodeHandle(std::__cxx11::basic_string<char, std::char_traits<char>, std::allocator<char> > const&, std::map<std::__cxx11::basic_string<char, std::char_traits<char>, std::allocator<char> >, std::__cxx11::basic_string<char, std::char_traits<char>, std::allocator<char> >, std::less<std::__cxx11::basic_string<char, std::char_traits<char>, std::allocator<char> > >, std::allocator<std::pair<std::__cxx11::basic_string<char, std::char_traits<char>, std::allocator<char> > const, std::__cxx11::basic_string<char, std::char_traits<char>, std::allocator<char> > > > > const&)'
sub_test.cpp:(.text+0x2a9): undefined reference to `ros::spin()'
sub_test.cpp:(.text+0x2bd): undefined reference to `ros::Subscriber::~Subscriber()'
sub_test.cpp:(.text+0x2cc): undefined reference to `ros::NodeHandle::~NodeHandle()'
sub_test.cpp:(.text+0x38c): undefined reference to `ros::Subscriber::~Subscriber()'
sub_test.cpp:(.text+0x39b): undefined reference to `ros::NodeHandle::~NodeHandle()'
CMakeFiles/sub_test.dir/src/sub_test.cpp.o: In function `ros::Subscriber ros::NodeHandle::subscribe<geometry_msgs::Vector3_<std::allocator<void> > >(std::__cxx11::basic_string<char, std::char_traits<char>, std::allocator<char> > const&, unsigned int, void (*)(boost::shared_ptr<geometry_msgs::Vector3_<std::allocator<void> > const> const&), ros::TransportHints const&)':
sub_test.cpp:(.text._ZN3ros10NodeHandle9subscribeIN13geometry_msgs8Vector3_ISaIvEEEEENS_10SubscriberERKNSt7__cxx1112basic_stringIcSt11char_traitsIcESaIcEEEjPFvRKN5boost10shared_ptrIKT_EEERKNS_14TransportHintsE[_ZN3ros10NodeHandle9subscribeIN13geometry_msgs8Vector3_ISaIvEEEEENS_10SubscriberERKNSt7__cxx1112basic_stringIcSt11char_traitsIcESaIcEEEjPFvRKN5boost10shared_ptrIKT_EEERKNS_14TransportHintsE]+0x115): undefined reference to `ros::NodeHandle::subscribe(ros::SubscribeOptions&)'
CMakeFiles/sub_test.dir/src/sub_test.cpp.o: In function `ros::SubscriptionCallbackHelperT<boost::shared_ptr<geometry_msgs::Vector3_<std::allocator<void> > const> const&, void>::deserialize(ros::SubscriptionCallbackHelperDeserializeParams const&)':
sub_test.cpp:(.text._ZN3ros27SubscriptionCallbackHelperTIRKN5boost10shared_ptrIKN13geometry_msgs8Vector3_ISaIvEEEEEvE11deserializeERKNS_43SubscriptionCallbackHelperDeserializeParamsE[_ZN3ros27SubscriptionCallbackHelperTIRKN5boost10shared_ptrIKN13geometry_msgs8Vector3_ISaIvEEEEEvE11deserializeERKNS_43SubscriptionCallbackHelperDeserializeParamsE]+0x61): undefined reference to `ros::console::g_initialized'
sub_test.cpp:(.text._ZN3ros27SubscriptionCallbackHelperTIRKN5boost10shared_ptrIKN13geometry_msgs8Vector3_ISaIvEEEEEvE11deserializeERKNS_43SubscriptionCallbackHelperDeserializeParamsE[_ZN3ros27SubscriptionCallbackHelperTIRKN5boost10shared_ptrIKN13geometry_msgs8Vector3_ISaIvEEEEEvE11deserializeERKNS_43SubscriptionCallbackHelperDeserializeParamsE]+0x71): undefined reference to `ros::console::initialize()'
sub_test.cpp:(.text._ZN3ros27SubscriptionCallbackHelperTIRKN5boost10shared_ptrIKN13geometry_msgs8Vector3_ISaIvEEEEEvE11deserializeERKNS_43SubscriptionCallbackHelperDeserializeParamsE[_ZN3ros27SubscriptionCallbackHelperTIRKN5boost10shared_ptrIKN13geometry_msgs8Vector3_ISaIvEEEEEvE11deserializeERKNS_43SubscriptionCallbackHelperDeserializeParamsE]+0xbe): undefined reference to `ros::console::initializeLogLocation(ros::console::LogLocation*, std::__cxx11::basic_string<char, std::char_traits<char>, std::allocator<char> > const&, ros::console::levels::Level)'
sub_test.cpp:(.text._ZN3ros27SubscriptionCallbackHelperTIRKN5boost10shared_ptrIKN13geometry_msgs8Vector3_ISaIvEEEEEvE11deserializeERKNS_43SubscriptionCallbackHelperDeserializeParamsE[_ZN3ros27SubscriptionCallbackHelperTIRKN5boost10shared_ptrIKN13geometry_msgs8Vector3_ISaIvEEEEEvE11deserializeERKNS_43SubscriptionCallbackHelperDeserializeParamsE]+0xfa): undefined reference to `ros::console::setLogLocationLevel(ros::console::LogLocation*, ros::console::levels::Level)'
sub_test.cpp:(.text._ZN3ros27SubscriptionCallbackHelperTIRKN5boost10shared_ptrIKN13geometry_msgs8Vector3_ISaIvEEEEEvE11deserializeERKNS_43SubscriptionCallbackHelperDeserializeParamsE[_ZN3ros27SubscriptionCallbackHelperTIRKN5boost10shared_ptrIKN13geometry_msgs8Vector3_ISaIvEEEEEvE11deserializeERKNS_43SubscriptionCallbackHelperDeserializeParamsE]+0x106): undefined reference to `ros::console::checkLogLocationEnabled(ros::console::LogLocation*)'
sub_test.cpp:(.text._ZN3ros27SubscriptionCallbackHelperTIRKN5boost10shared_ptrIKN13geometry_msgs8Vector3_ISaIvEEEEEvE11deserializeERKNS_43SubscriptionCallbackHelperDeserializeParamsE[_ZN3ros27SubscriptionCallbackHelperTIRKN5boost10shared_ptrIKN13geometry_msgs8Vector3_ISaIvEEEEEvE11deserializeERKNS_43SubscriptionCallbackHelperDeserializeParamsE]+0x180): undefined reference to `ros::console::print(ros::console::FilterBase*, void*, ros::console::levels::Level, char const*, int, char const*, char const*, ...)'
CMakeFiles/sub_test.dir/src/sub_test.cpp.o: In function `void ros::serialization::Serializer<double>::read<ros::serialization::IStream>(ros::serialization::IStream&, double&)':
sub_test.cpp:(.text._ZN3ros13serialization10SerializerIdE4readINS0_7IStreamEEEvRT_Rd[_ZN3ros13serialization10SerializerIdE4readINS0_7IStreamEEEvRT_Rd]+0x53): undefined reference to `ros::serialization::throwStreamOverrun()'
collect2: error: ld returned 1 exit status
CMakeFiles/sub_test.dir/build.make:94: recipe for target '/home/petern25/catkin_ws/devel/.private/ROS_Integration/lib/ROS_Integration/sub_test' failed
make[2]: *** [/home/petern25/catkin_ws/devel/.private/ROS_Integration/lib/ROS_Integration/sub_test] Error 1
CMakeFiles/Makefile2:67: recipe for target 'CMakeFiles/sub_test.dir/all' failed
make[1]: *** [CMakeFiles/sub_test.dir/all] Error 2
Makefile:140: recipe for target 'all' failed
make: *** [all] Error 2
