[01m[K/home/petern25/catkin_ws/src/ROS_Integration/src/sub_test.cpp:1:10:[m[K [01;31m[Kfatal error: [m[Kros.h: No such file or directory
 #include [01;31m[K<ros.h>[m[K
          [01;31m[K^~~~~~~[m[K
compilation terminated.
make[2]: *** [CMakeFiles/sub_test.dir/src/sub_test.cpp.o] Error 1
make[1]: *** [CMakeFiles/sub_test.dir/all] Error 2
make[1]: *** Waiting for unfinished jobs....
make: *** [all] Error 2
